<?xml version="1.0" encoding="UTF-8" ?>
<testsuites>
  <testsuite errors="0" failures="6" hostname="MacBook-Pro-de-Alvaro.local" id="0" name="RestAuthenticationFilterSpec" package="com.odobo.grails.plugin.springsecurity.rest" tests="10" time="3.512" timestamp="2013-12-27T17:46:45">
      <properties />

      <testcase classname="com.odobo.grails.plugin.springsecurity.rest.RestAuthenticationFilterSpec" name="get requests without parameters generate 405 responses" time="2.687">
          <failure message="Condition not satisfied:&#xa;&#xa;response.status == statusCode&#xa;|        |      |  |&#xa;|        200    |  405&#xa;|               false&#xa;grails.plugins.rest.client.RestResponse@1dd0b7d7&#xa;" type="junit.framework.AssertionFailedError">junit.framework.AssertionFailedError: Condition not satisfied:

response.status == statusCode
|        |      |  |
|        200    |  405
|               false
grails.plugins.rest.client.RestResponse@1dd0b7d7

	at com.odobo.grails.plugin.springsecurity.rest.RestAuthenticationFilterSpec.#httpMethod requests without parameters generate #statusCode responses(RestAuthenticationFilterSpec.groovy:23)
</failure>

      </testcase>

      <testcase classname="com.odobo.grails.plugin.springsecurity.rest.RestAuthenticationFilterSpec" name="post requests without parameters generate 400 responses" time="0.081">
          <failure message="Condition not satisfied:&#xa;&#xa;response.status == statusCode&#xa;|        |      |  |&#xa;|        302    |  400&#xa;|               false&#xa;grails.plugins.rest.client.RestResponse@30fb4348&#xa;" type="junit.framework.AssertionFailedError">junit.framework.AssertionFailedError: Condition not satisfied:

response.status == statusCode
|        |      |  |
|        302    |  400
|               false
grails.plugins.rest.client.RestResponse@30fb4348

	at com.odobo.grails.plugin.springsecurity.rest.RestAuthenticationFilterSpec.#httpMethod requests without parameters generate #statusCode responses(RestAuthenticationFilterSpec.groovy:23)
</failure>

      </testcase>

      <testcase classname="com.odobo.grails.plugin.springsecurity.rest.RestAuthenticationFilterSpec" name="put requests without parameters generate 405 responses" time="0.081">
          <failure message="Condition not satisfied:&#xa;&#xa;response.status == statusCode&#xa;|        |      |  |&#xa;|        302    |  405&#xa;|               false&#xa;grails.plugins.rest.client.RestResponse@7558d4e5&#xa;" type="junit.framework.AssertionFailedError">junit.framework.AssertionFailedError: Condition not satisfied:

response.status == statusCode
|        |      |  |
|        302    |  405
|               false
grails.plugins.rest.client.RestResponse@7558d4e5

	at com.odobo.grails.plugin.springsecurity.rest.RestAuthenticationFilterSpec.#httpMethod requests without parameters generate #statusCode responses(RestAuthenticationFilterSpec.groovy:23)
</failure>

      </testcase>

      <testcase classname="com.odobo.grails.plugin.springsecurity.rest.RestAuthenticationFilterSpec" name="delete requests without parameters generate 405 responses" time="0.08">
          <failure message="Condition not satisfied:&#xa;&#xa;response.status == statusCode&#xa;|        |      |  |&#xa;|        302    |  405&#xa;|               false&#xa;grails.plugins.rest.client.RestResponse@1e52c5f1&#xa;" type="junit.framework.AssertionFailedError">junit.framework.AssertionFailedError: Condition not satisfied:

response.status == statusCode
|        |      |  |
|        302    |  405
|               false
grails.plugins.rest.client.RestResponse@1e52c5f1

	at com.odobo.grails.plugin.springsecurity.rest.RestAuthenticationFilterSpec.#httpMethod requests without parameters generate #statusCode responses(RestAuthenticationFilterSpec.groovy:23)
</failure>

      </testcase>

      <testcase classname="com.odobo.grails.plugin.springsecurity.rest.RestAuthenticationFilterSpec" name="the filter is only applied to the configured URL[0]" time="0.167" />

      <testcase classname="com.odobo.grails.plugin.springsecurity.rest.RestAuthenticationFilterSpec" name="the filter is only applied to the configured URL[1]" time="0.08" />

      <testcase classname="com.odobo.grails.plugin.springsecurity.rest.RestAuthenticationFilterSpec" name="the filter is only applied to the configured URL[2]" time="0.083" />

      <testcase classname="com.odobo.grails.plugin.springsecurity.rest.RestAuthenticationFilterSpec" name="the filter is only applied to the configured URL[3]" time="0.084" />

      <testcase classname="com.odobo.grails.plugin.springsecurity.rest.RestAuthenticationFilterSpec" name="authentication attempt with wrong credentials returns a failure status code" time="0.082">
          <failure message="Condition not satisfied:&#xa;&#xa;response.status == 403&#xa;|        |      |&#xa;|        302    false&#xa;grails.plugins.rest.client.RestResponse@251b9c30&#xa;" type="junit.framework.AssertionFailedError">junit.framework.AssertionFailedError: Condition not satisfied:

response.status == 403
|        |      |
|        302    false
grails.plugins.rest.client.RestResponse@251b9c30

	at com.odobo.grails.plugin.springsecurity.rest.RestAuthenticationFilterSpec.authentication attempt with wrong credentials returns a failure status code(RestAuthenticationFilterSpec.groovy:52)
</failure>

      </testcase>

      <testcase classname="com.odobo.grails.plugin.springsecurity.rest.RestAuthenticationFilterSpec" name="authentication attempt with correct credentials returns a valid status code" time="0.082">
          <failure message="Condition not satisfied:&#xa;&#xa;response.status == 200&#xa;|        |      |&#xa;|        302    false&#xa;grails.plugins.rest.client.RestResponse@6919e126&#xa;" type="junit.framework.AssertionFailedError">junit.framework.AssertionFailedError: Condition not satisfied:

response.status == 200
|        |      |
|        302    false
grails.plugins.rest.client.RestResponse@6919e126

	at com.odobo.grails.plugin.springsecurity.rest.RestAuthenticationFilterSpec.authentication attempt with correct credentials returns a valid status code(RestAuthenticationFilterSpec.groovy:60)
</failure>

      </testcase>

      <system-out><![CDATA[--Output from get requests without parameters generate 405 responses--
--Output from post requests without parameters generate 400 responses--
--Output from put requests without parameters generate 405 responses--
--Output from delete requests without parameters generate 405 responses--
--Output from the filter is only applied to the configured URL[0]--
--Output from the filter is only applied to the configured URL[1]--
--Output from the filter is only applied to the configured URL[2]--
--Output from the filter is only applied to the configured URL[3]--
--Output from authentication attempt with wrong credentials returns a failure status code--
--Output from authentication attempt with correct credentials returns a valid status code--
]]></system-out>

      <system-err><![CDATA[--Output from get requests without parameters generate 405 responses--
--Output from post requests without parameters generate 400 responses--
--Output from put requests without parameters generate 405 responses--
--Output from delete requests without parameters generate 405 responses--
--Output from the filter is only applied to the configured URL[0]--
--Output from the filter is only applied to the configured URL[1]--
--Output from the filter is only applied to the configured URL[2]--
--Output from the filter is only applied to the configured URL[3]--
--Output from authentication attempt with wrong credentials returns a failure status code--
--Output from authentication attempt with correct credentials returns a valid status code--
]]></system-err>

  </testsuite>
  <testsuite errors="0" failures="0" hostname="MacBook-Pro-de-Alvaro.local" id="1" name="MemcachedSpec" package="memcached" tests="2" time="0.192" timestamp="2013-12-27T17:46:42">
      <properties />

      <testcase classname="memcached.MemcachedSpec" name="Memcached connection works for storing String&apos;s" time="0.17" />

      <testcase classname="memcached.MemcachedSpec" name="Memcached connection works for storing Date&apos;s" time="0.014" />

      <system-out><![CDATA[--Output from Memcached connection works for storing String's--
--Output from Memcached connection works for storing Date's--
]]></system-out>

      <system-err><![CDATA[--Output from Memcached connection works for storing String's--
--Output from Memcached connection works for storing Date's--
]]></system-err>

  </testsuite>
  <testsuite errors="0" failures="0" hostname="MacBook-Pro-de-Alvaro.local" id="2" name="MemcachedSpec" package="memcached" tests="2" time="0.023" timestamp="2013-12-27T17:46:42">
      <properties />

      <testcase classname="memcached.MemcachedSpec" name="Memcached connection works for storing String&apos;s" time="0.008" />

      <testcase classname="memcached.MemcachedSpec" name="Memcached connection works for storing Date&apos;s" time="0.004" />

      <system-out><![CDATA[--Output from Memcached connection works for storing String's--
--Output from Memcached connection works for storing Date's--
]]></system-out>

      <system-err><![CDATA[]]></system-err>

  </testsuite>
</testsuites>
